Change Component Designator: Old Designator=*4 New Designator=*1
Change Component Designator: Old Designator=*4 New Designator=*2
Change Component Designator: Old Designator=*4 New Designator=*3
Change Component Designator: Old Designator=C4 New Designator=C2
Change Component Designator: Old Designator=C6 New Designator=C3
Change Component Designator: Old Designator=C7 New Designator=C4
Change Component Designator: Old Designator=C8 New Designator=C5
Change Component Designator: Old Designator=C9 New Designator=C6
Change Component Designator: Old Designator=C13 New Designator=C7
Change Component Designator: Old Designator=C14 New Designator=C8
Change Component Designator: Old Designator=C15 New Designator=C9
Change Component Designator: Old Designator=C16 New Designator=C10
Change Component Designator: Old Designator=C17 New Designator=C11
Change Component Designator: Old Designator=C18 New Designator=C12
Change Component Designator: Old Designator=ISO2 New Designator=ISO1
Change Component Designator: Old Designator=ISO2 New Designator=ISO3
Change Component Designator: Old Designator=ISO2 New Designator=ISO4
Change Component Designator: Old Designator=P4 New Designator=P2
Change Component Designator: Old Designator=P5 New Designator=P3
Change Component Designator: Old Designator=P6 New Designator=P4
Change Component Designator: Old Designator=P7 New Designator=P5
Change Component Designator: Old Designator=RT4 New Designator=RT1
Change Component Designator: Old Designator=RT4 New Designator=RT3
Change Component Designator: Old Designator=RT4 New Designator=RT5
Change Component Designator: Old Designator=RT4 New Designator=RT6
Change Component Designator: Old Designator=RT5 New Designator=RT2
Change Component Designator: Old Designator=RT5 New Designator=RT4
Change Component Designator: Old Designator=RT5 New Designator=RT7
Change Component Designator: Old Designator=RT5 New Designator=RT8
