Change Component Designator: Old Designator=*6 New Designator=*7
Change Component Designator: Old Designator=*6 New Designator=*8
Change Component Designator: Old Designator=*7 New Designator=*6
Change Component Designator: Old Designator=* New Designator=*9
Change Component Designator: Old Designator=* New Designator=*10
Change Component Designator: Old Designator=* New Designator=*11
Change Component Designator: Old Designator=C1 New Designator=C2
Change Component Designator: Old Designator=C2 New Designator=C3
Change Component Designator: Old Designator=C2 New Designator=C4
Change Component Designator: Old Designator=C3 New Designator=C5
Change Component Designator: Old Designator=C3 New Designator=C9
Change Component Designator: Old Designator=C4 New Designator=C6
Change Component Designator: Old Designator=C4 New Designator=C10
Change Component Designator: Old Designator=C5 New Designator=C7
Change Component Designator: Old Designator=C6 New Designator=C8
Change Component Designator: Old Designator=C15 New Designator=C11
Change Component Designator: Old Designator=C16 New Designator=C12
Change Component Designator: Old Designator=C17 New Designator=C13
Change Component Designator: Old Designator=C18 New Designator=C14
Change Component Designator: Old Designator=C19 New Designator=C15
Change Component Designator: Old Designator=C20 New Designator=C16
Change Component Designator: Old Designator=P1 New Designator=P4
Change Component Designator: Old Designator=P? New Designator=P1
Change Component Designator: Old Designator=P? New Designator=P2
Change Component Designator: Old Designator=P? New Designator=P3
Change Component Designator: Old Designator=P? New Designator=P5
Change Component Designator: Old Designator=P? New Designator=P6
Change Component Designator: Old Designator=P? New Designator=P7
Change Component Designator: Old Designator=R2 New Designator=R1
Change Component Designator: Old Designator=R6 New Designator=R2
Change Component Designator: Old Designator=u4 New Designator=u2
Change Component Designator: Old Designator=u5 New Designator=u3
