Added Component: Designator=*1(diode mbrs34ot3)
Added Component: Designator=*2(ir2101)
Added Component: Designator=*3(Domino_2)
Added Component: Designator=*4(diode mbrs34ot3)
Added Component: Designator=*5(Domino_2)
Added Component: Designator=*6(ir2101)
Added Component: Designator=*7(Domino_2)
Added Component: Designator=*8(Domino_2)
Added Component: Designator=*9(cap_dip_9mm)
Added Component: Designator=*10(cap_dip_9mm)
Added Component: Designator=*11(cap_dip_9mm)
Added Component: Designator=C1(C0805)
Added Component: Designator=C2(C0805)
Added Component: Designator=C3(CAPR5-4X5)
Added Component: Designator=C4(C0805)
Added Component: Designator=C5(C0805)
Added Component: Designator=C6(C0805)
Added Component: Designator=C7(C0805)
Added Component: Designator=C8(C0805)
Added Component: Designator=C9(C0805)
Added Component: Designator=C10(CAPR5-4X5)
Added Component: Designator=C11(C0805)
Added Component: Designator=C12(C0805)
Added Component: Designator=C13(CAPR5-4X5)
Added Component: Designator=C14(CAPR5-4X5)
Added Component: Designator=C15(CAPR5-4X5)
Added Component: Designator=C16(C0805)
Added Component: Designator=D1(DO-35)
Added Component: Designator=D2(DO-35)
Added Component: Designator=D3(DO-35)
Added Component: Designator=D4(DO-35)
Added Component: Designator=L1(led_smd)
Added Component: Designator=P1(HDR1X8)
Added Component: Designator=P2(HDR1X2)
Added Component: Designator=P3(HDR1X2)
Added Component: Designator=P4(HDR2X5)
Added Component: Designator=P5(HDR1X6)
Added Component: Designator=P6(HDR1X9)
Added Component: Designator=P7(HDR1X10)
Added Component: Designator=q1(TO220)
Added Component: Designator=q2(TO220)
Added Component: Designator=q3(TO220)
Added Component: Designator=q4(TO220)
Added Component: Designator=R1(6-0805_N)
Added Component: Designator=R2(6-0805_N)
Added Component: Designator=RT1(6-0805_N)
Added Component: Designator=RT2(6-0805_N)
Added Component: Designator=RT3(6-0805_N)
Added Component: Designator=RT4(6-0805_N)
Added Component: Designator=RT5(6-0805_N)
Added Component: Designator=RT6(6-0805_N)
Added Component: Designator=RT7(6-0805_N)
Added Component: Designator=RT8(6-0805_N)
Added Component: Designator=U1(LQFP48_stm32)
Added Component: Designator=u2(SOT223)
Added Component: Designator=u3(SOT223)
Added Component: Designator=Y1(xtal_smd)
Added Pin To Net: NetName=12V Pin=*1-1
Added Pin To Net: NetName=Net*1_2 Pin=*1-2
Added Pin To Net: NetName=IN1 Pin=*2-1
Added Pin To Net: NetName=SD Pin=*2-2
Added Pin To Net: NetName=GND Pin=*2-3
Added Pin To Net: NetName=LO1 Pin=*2-4
Added Pin To Net: NetName=12V Pin=*2-5
Added Pin To Net: NetName=VS1 Pin=*2-6
Added Pin To Net: NetName=HO1 Pin=*2-7
Added Pin To Net: NetName=Net*1_2 Pin=*2-8
Added Pin To Net: NetName=12V Pin=*3-1
Added Pin To Net: NetName=GND Pin=*3-2
Added Pin To Net: NetName=12V Pin=*4-1
Added Pin To Net: NetName=Net*4_2 Pin=*4-2
Added Pin To Net: NetName=GND Pin=*5-2
Added Pin To Net: NetName=IN2 Pin=*6-1
Added Pin To Net: NetName=SD Pin=*6-2
Added Pin To Net: NetName=GND Pin=*6-3
Added Pin To Net: NetName=LO2 Pin=*6-4
Added Pin To Net: NetName=12V Pin=*6-5
Added Pin To Net: NetName=VS2 Pin=*6-6
Added Pin To Net: NetName=HO2 Pin=*6-7
Added Pin To Net: NetName=Net*4_2 Pin=*6-8
Added Pin To Net: NetName=VS1 Pin=*7-1
Added Pin To Net: NetName=VS2 Pin=*7-2
Added Pin To Net: NetName=GND Pin=*9-2
Added Pin To Net: NetName=GND Pin=*10-2
Added Pin To Net: NetName=GND Pin=*11-2
Added Pin To Net: NetName=GND Pin=C1-2
Added Pin To Net: NetName=Net*1_2 Pin=C2-1
Added Pin To Net: NetName=VS1 Pin=C2-2
Added Pin To Net: NetName=Net*1_2 Pin=C3-1
Added Pin To Net: NetName=VS1 Pin=C3-2
Added Pin To Net: NetName=GND Pin=C4-2
Added Pin To Net: NetName=GND Pin=C5-2
Added Pin To Net: NetName=GND Pin=C6-2
Added Pin To Net: NetName=GND Pin=C7-2
Added Pin To Net: NetName=GND Pin=C8-2
Added Pin To Net: NetName=Net*4_2 Pin=C9-1
Added Pin To Net: NetName=VS2 Pin=C9-2
Added Pin To Net: NetName=Net*4_2 Pin=C10-1
Added Pin To Net: NetName=VS2 Pin=C10-2
Added Pin To Net: NetName=GND Pin=C11-2
Added Pin To Net: NetName=GND Pin=C12-2
Added Pin To Net: NetName=GND Pin=C13-2
Added Pin To Net: NetName=GND Pin=C14-2
Added Pin To Net: NetName=12V Pin=C15-1
Added Pin To Net: NetName=GND Pin=C15-2
Added Pin To Net: NetName=12V Pin=C16-1
Added Pin To Net: NetName=GND Pin=C16-2
Added Pin To Net: NetName=NetD1_1 Pin=D1-1
Added Pin To Net: NetName=HO1 Pin=D1-2
Added Pin To Net: NetName=Netd2_1 Pin=D2-1
Added Pin To Net: NetName=LO1 Pin=D2-2
Added Pin To Net: NetName=Netd3_1 Pin=D3-1
Added Pin To Net: NetName=HO2 Pin=D3-2
Added Pin To Net: NetName=Netd4_1 Pin=D4-1
Added Pin To Net: NetName=LO2 Pin=D4-2
Added Pin To Net: NetName=GND Pin=L1-2
Added Pin To Net: NetName=IN1 Pin=P2-2
Added Pin To Net: NetName=IN2 Pin=P3-2
Added Pin To Net: NetName=GND Pin=P4-6
Added Pin To Net: NetName=GND Pin=P4-8
Added Pin To Net: NetName=NetD1_1 Pin=q1-1
Added Pin To Net: NetName=VS1 Pin=q1-3
Added Pin To Net: NetName=Netd2_1 Pin=q2-1
Added Pin To Net: NetName=VS1 Pin=q2-2
Added Pin To Net: NetName=GND Pin=q2-3
Added Pin To Net: NetName=Netd3_1 Pin=q3-1
Added Pin To Net: NetName=VS2 Pin=q3-3
Added Pin To Net: NetName=Netd4_1 Pin=q4-1
Added Pin To Net: NetName=VS2 Pin=q4-2
Added Pin To Net: NetName=GND Pin=q4-3
Added Pin To Net: NetName=GND Pin=R1-2
Added Pin To Net: NetName=NetD1_1 Pin=RT1-1
Added Pin To Net: NetName=HO1 Pin=RT1-2
Added Pin To Net: NetName=VS1 Pin=RT2-1
Added Pin To Net: NetName=NetD1_1 Pin=RT2-2
Added Pin To Net: NetName=Netd2_1 Pin=RT3-1
Added Pin To Net: NetName=LO1 Pin=RT3-2
Added Pin To Net: NetName=GND Pin=RT4-1
Added Pin To Net: NetName=Netd2_1 Pin=RT4-2
Added Pin To Net: NetName=Netd3_1 Pin=RT5-1
Added Pin To Net: NetName=HO2 Pin=RT5-2
Added Pin To Net: NetName=VS2 Pin=RT6-1
Added Pin To Net: NetName=Netd3_1 Pin=RT6-2
Added Pin To Net: NetName=Netd4_1 Pin=RT7-1
Added Pin To Net: NetName=LO2 Pin=RT7-2
Added Pin To Net: NetName=GND Pin=RT8-1
Added Pin To Net: NetName=Netd4_1 Pin=RT8-2
Added Pin To Net: NetName=GND Pin=U1-8
Added Pin To Net: NetName=GND Pin=U1-23
Added Pin To Net: NetName=GND Pin=U1-35
Added Pin To Net: NetName=GND Pin=U1-47
Added Pin To Net: NetName=GND Pin=u2-1
Added Pin To Net: NetName=12V Pin=u2-3
Added Pin To Net: NetName=GND Pin=u3-1
Added Pin To Net: NetName=3V Pin=C1-1
Added Pin To Net: NetName=3V Pin=C5-1
Added Pin To Net: NetName=3V Pin=C7-1
Added Pin To Net: NetName=3V Pin=C8-1
Added Pin To Net: NetName=3V Pin=C12-1
Added Pin To Net: NetName=3V Pin=C14-1
Added Pin To Net: NetName=3V Pin=P4-2
Added Pin To Net: NetName=3V Pin=R2-2
Added Pin To Net: NetName=3V Pin=U1-9
Added Pin To Net: NetName=3V Pin=U1-24
Added Pin To Net: NetName=3V Pin=U1-36
Added Pin To Net: NetName=3V Pin=U1-48
Added Pin To Net: NetName=3V Pin=u3-2
Added Net: Name=3V
Added Pin To Net: NetName=5V Pin=C11-1
Added Pin To Net: NetName=5V Pin=C13-1
Added Pin To Net: NetName=5V Pin=u2-2
Added Pin To Net: NetName=5V Pin=u3-3
Added Net: Name=5V
Added Pin To Net: NetName=220V Pin=*5-1
Added Pin To Net: NetName=220V Pin=*8-1
Added Pin To Net: NetName=220V Pin=*9-1
Added Pin To Net: NetName=220V Pin=*10-1
Added Pin To Net: NetName=220V Pin=*11-1
Added Net: Name=220V
Added Pin To Net: NetName=IN_H_BRID Pin=*8-2
Added Pin To Net: NetName=IN_H_BRID Pin=q1-2
Added Pin To Net: NetName=IN_H_BRID Pin=q3-2
Added Net: Name=IN_H_BRID
Added Pin To Net: NetName=NetC4_1 Pin=C4-1
Added Pin To Net: NetName=NetC4_1 Pin=U1-5
Added Pin To Net: NetName=NetC4_1 Pin=Y1-1
Added Net: Name=NetC4_1
Added Pin To Net: NetName=NetC6_1 Pin=C6-1
Added Pin To Net: NetName=NetC6_1 Pin=U1-6
Added Pin To Net: NetName=NetC6_1 Pin=Y1-2
Added Net: Name=NetC6_1
Added Pin To Net: NetName=NetL1_1 Pin=L1-1
Added Pin To Net: NetName=NetL1_1 Pin=R2-1
Added Net: Name=NetL1_1
Added Pin To Net: NetName=NetR1_1 Pin=R1-1
Added Pin To Net: NetName=NetR1_1 Pin=U1-44
Added Net: Name=NetR1_1
Added Pin To Net: NetName=NRST Pin=P4-1
Added Pin To Net: NetName=NRST Pin=U1-7
Added Net: Name=NRST
Added Pin To Net: NetName=PA0 Pin=P5-4
Added Pin To Net: NetName=PA0 Pin=U1-10
Added Net: Name=PA0
Added Pin To Net: NetName=PA1 Pin=P5-5
Added Pin To Net: NetName=PA1 Pin=U1-11
Added Net: Name=PA1
Added Pin To Net: NetName=PA2 Pin=P5-6
Added Pin To Net: NetName=PA2 Pin=U1-12
Added Net: Name=PA2
Added Pin To Net: NetName=PA3 Pin=U1-13
Added Net: Name=PA3
Added Pin To Net: NetName=PA4 Pin=U1-14
Added Net: Name=PA4
Added Pin To Net: NetName=PA5 Pin=U1-15
Added Net: Name=PA5
Added Pin To Net: NetName=PA6 Pin=U1-16
Added Net: Name=PA6
Added Pin To Net: NetName=PA7 Pin=U1-17
Added Net: Name=PA7
Added Pin To Net: NetName=PA8 Pin=P2-1
Added Pin To Net: NetName=PA8 Pin=P6-5
Added Pin To Net: NetName=PA8 Pin=U1-29
Added Net: Name=PA8
Added Pin To Net: NetName=PA9 Pin=P6-4
Added Pin To Net: NetName=PA9 Pin=U1-30
Added Net: Name=PA9
Added Pin To Net: NetName=PA10 Pin=P6-3
Added Pin To Net: NetName=PA10 Pin=U1-31
Added Net: Name=PA10
Added Pin To Net: NetName=PA11 Pin=P6-2
Added Pin To Net: NetName=PA11 Pin=U1-32
Added Net: Name=PA11
Added Pin To Net: NetName=PA12 Pin=P6-1
Added Pin To Net: NetName=PA12 Pin=U1-33
Added Net: Name=PA12
Added Pin To Net: NetName=PA15 Pin=P1-8
Added Pin To Net: NetName=PA15 Pin=U1-38
Added Net: Name=PA15
Added Pin To Net: NetName=PB0 Pin=U1-18
Added Net: Name=PB0
Added Pin To Net: NetName=PB1 Pin=U1-19
Added Net: Name=PB1
Added Pin To Net: NetName=PB2 Pin=U1-20
Added Net: Name=PB2
Added Pin To Net: NetName=PB3 Pin=P1-7
Added Pin To Net: NetName=PB3 Pin=U1-39
Added Net: Name=PB3
Added Pin To Net: NetName=PB4 Pin=P1-6
Added Pin To Net: NetName=PB4 Pin=U1-40
Added Net: Name=PB4
Added Pin To Net: NetName=PB5 Pin=P1-5
Added Pin To Net: NetName=PB5 Pin=U1-41
Added Net: Name=PB5
Added Pin To Net: NetName=PB6 Pin=P1-4
Added Pin To Net: NetName=PB6 Pin=U1-42
Added Net: Name=PB6
Added Pin To Net: NetName=PB7 Pin=P1-3
Added Pin To Net: NetName=PB7 Pin=U1-43
Added Net: Name=PB7
Added Pin To Net: NetName=PB8 Pin=P1-2
Added Pin To Net: NetName=PB8 Pin=U1-45
Added Net: Name=PB8
Added Pin To Net: NetName=PB9 Pin=P1-1
Added Pin To Net: NetName=PB9 Pin=U1-46
Added Net: Name=PB9
Added Pin To Net: NetName=PB10 Pin=U1-21
Added Net: Name=PB10
Added Pin To Net: NetName=PB11 Pin=U1-22
Added Net: Name=PB11
Added Pin To Net: NetName=PB12 Pin=P6-9
Added Pin To Net: NetName=PB12 Pin=U1-25
Added Net: Name=PB12
Added Pin To Net: NetName=PB13 Pin=P3-1
Added Pin To Net: NetName=PB13 Pin=P6-8
Added Pin To Net: NetName=PB13 Pin=U1-26
Added Net: Name=PB13
Added Pin To Net: NetName=PB14 Pin=P6-7
Added Pin To Net: NetName=PB14 Pin=U1-27
Added Net: Name=PB14
Added Pin To Net: NetName=PB15 Pin=P6-6
Added Pin To Net: NetName=PB15 Pin=U1-28
Added Net: Name=PB15
Added Pin To Net: NetName=PC13 Pin=P5-1
Added Pin To Net: NetName=PC13 Pin=U1-2
Added Net: Name=PC13
Added Pin To Net: NetName=PC14 Pin=P5-2
Added Pin To Net: NetName=PC14 Pin=U1-3
Added Net: Name=PC14
Added Pin To Net: NetName=PC15 Pin=P5-3
Added Pin To Net: NetName=PC15 Pin=U1-4
Added Net: Name=PC15
Added Pin To Net: NetName=SWC Pin=P4-5
Added Pin To Net: NetName=SWC Pin=U1-37
Added Net: Name=SWC
Added Pin To Net: NetName=SWD Pin=P4-3
Added Pin To Net: NetName=SWD Pin=U1-34
Added Net: Name=SWD
Added Member To Class: ClassName=Sheet1 Member=Component *1 mbrs340t3
Added Member To Class: ClassName=Sheet1 Member=Component *2 ir2184dip
Added Member To Class: ClassName=Sheet1 Member=Component *3 domino2
Added Member To Class: ClassName=Sheet1 Member=Component *4 mbrs340t3
Added Member To Class: ClassName=Sheet1 Member=Component *5 domino2
Added Member To Class: ClassName=Sheet1 Member=Component *6 ir2184dip
Added Member To Class: ClassName=Sheet1 Member=Component *7 domino2
Added Member To Class: ClassName=Sheet1 Member=Component *8 domino2
Added Member To Class: ClassName=Sheet1 Member=Component *9 cap_400v
Added Member To Class: ClassName=Sheet1 Member=Component *10 cap_400v
Added Member To Class: ClassName=Sheet1 Member=Component *11 cap_400v
Added Member To Class: ClassName=Sheet1 Member=Component C1 Cap Pol3
Added Member To Class: ClassName=Sheet1 Member=Component C2 Cap Pol3
Added Member To Class: ClassName=Sheet1 Member=Component C3 Cap2
Added Member To Class: ClassName=Sheet1 Member=Component C4 Cap Pol3
Added Member To Class: ClassName=Sheet1 Member=Component C5 Cap Pol3
Added Member To Class: ClassName=Sheet1 Member=Component C6 Cap Pol3
Added Member To Class: ClassName=Sheet1 Member=Component C7 Cap Pol3
Added Member To Class: ClassName=Sheet1 Member=Component C8 Cap Pol3
Added Member To Class: ClassName=Sheet1 Member=Component C9 Cap Pol3
Added Member To Class: ClassName=Sheet1 Member=Component C10 Cap2
Added Member To Class: ClassName=Sheet1 Member=Component C11 Cap Pol3
Added Member To Class: ClassName=Sheet1 Member=Component C12 Cap Pol3
Added Member To Class: ClassName=Sheet1 Member=Component C13 Cap2
Added Member To Class: ClassName=Sheet1 Member=Component C14 Cap2
Added Member To Class: ClassName=Sheet1 Member=Component C15 Cap2
Added Member To Class: ClassName=Sheet1 Member=Component C16 Cap Pol3
Added Member To Class: ClassName=Sheet1 Member=Component D1 Diode 1N4148
Added Member To Class: ClassName=Sheet1 Member=Component D2 Diode 1N4148
Added Member To Class: ClassName=Sheet1 Member=Component D3 Diode 1N4148
Added Member To Class: ClassName=Sheet1 Member=Component D4 Diode 1N4148
Added Member To Class: ClassName=Sheet1 Member=Component L1 led_smd
Added Member To Class: ClassName=Sheet1 Member=Component P1 Header 8
Added Member To Class: ClassName=Sheet1 Member=Component P2 Header 2
Added Member To Class: ClassName=Sheet1 Member=Component P3 Header 2
Added Member To Class: ClassName=Sheet1 Member=Component P4 Header 5X2
Added Member To Class: ClassName=Sheet1 Member=Component P5 Header 6
Added Member To Class: ClassName=Sheet1 Member=Component P6 Header 9
Added Member To Class: ClassName=Sheet1 Member=Component P7 Header 10
Added Member To Class: ClassName=Sheet1 Member=Component q1 IRF540N
Added Member To Class: ClassName=Sheet1 Member=Component q2 IRF540N
Added Member To Class: ClassName=Sheet1 Member=Component q3 IRF540N
Added Member To Class: ClassName=Sheet1 Member=Component q4 IRF540N
Added Member To Class: ClassName=Sheet1 Member=Component R1 
Added Member To Class: ClassName=Sheet1 Member=Component R2 
Added Member To Class: ClassName=Sheet1 Member=Component RT1 10->1 ohm
Added Member To Class: ClassName=Sheet1 Member=Component RT2 1k
Added Member To Class: ClassName=Sheet1 Member=Component RT3 10->1 ohm
Added Member To Class: ClassName=Sheet1 Member=Component RT4 1k
Added Member To Class: ClassName=Sheet1 Member=Component RT5 10->1 ohm
Added Member To Class: ClassName=Sheet1 Member=Component RT6 1k
Added Member To Class: ClassName=Sheet1 Member=Component RT7 10->1 ohm
Added Member To Class: ClassName=Sheet1 Member=Component RT8 1k
Added Member To Class: ClassName=Sheet1 Member=Component U1 stm32f103c8t6
Added Member To Class: ClassName=Sheet1 Member=Component u2 ASM1117-5
Added Member To Class: ClassName=Sheet1 Member=Component u3 ASM1117-3.3
Added Member To Class: ClassName=Sheet1 Member=Component Y1 XTAL
Added Room: Name=Sheet1
