Removed Pin From Net: NetName=VS1 Pin=*2-6
Removed Pin From Net: NetName=VS2 Pin=*6-6
Removed Pin From Net: NetName=VS1 Pin=C2-2
Removed Pin From Net: NetName=VS1 Pin=C3-2
Removed Pin From Net: NetName=VS2 Pin=C9-2
Removed Pin From Net: NetName=VS2 Pin=C10-2
Change Component Designator: OldDesignator=C5 NewDesignator=C6
Change Component Designator: OldDesignator=C6 NewDesignator=C7
Change Component Designator: OldDesignator=C7 NewDesignator=C8
Change Component Designator: OldDesignator=C8 NewDesignator=C9
Change Component Designator: OldDesignator=C9 NewDesignator=C10
Change Component Designator: OldDesignator=C10 NewDesignator=C11
Change Component Designator: OldDesignator=C11 NewDesignator=C13
Change Component Designator: OldDesignator=C12 NewDesignator=C14
Change Component Designator: OldDesignator=C13 NewDesignator=C15
Change Component Designator: OldDesignator=C14 NewDesignator=C16
Change Component Designator: OldDesignator=C15 NewDesignator=C17
Change Component Designator: OldDesignator=C16 NewDesignator=C18
Change Component Designator: OldDesignator=RT3 NewDesignator=RT4
Change Component Designator: OldDesignator=RT4 NewDesignator=RT5
Change Component Designator: OldDesignator=RT5 NewDesignator=RT7
Change Component Designator: OldDesignator=RT6 NewDesignator=RT8
Change Component Designator: OldDesignator=RT7 NewDesignator=RT9
Change Component Designator: OldDesignator=RT8 NewDesignator=RT10
Added Component: Designator=C5(C0805)
Added Component: Designator=C12(C0805)
Added Component: Designator=RT3(6-0805_N)
Added Component: Designator=RT6(6-0805_N)
Added Pin To Net: NetName=12V Pin=C5-1
Added Pin To Net: NetName=GND Pin=C5-2
Added Pin To Net: NetName=12V Pin=C12-1
Added Pin To Net: NetName=GND Pin=C12-2
Added Pin To Net: NetName=VS2 Pin=RT6-1
Change Net Name : Old Net Name=NetC6_1 New Net Name=NetC7_1
Added Pin To Net: NetName=Net*2_6 Pin=*2-6
Added Pin To Net: NetName=Net*2_6 Pin=C2-2
Added Pin To Net: NetName=Net*2_6 Pin=C3-2
Added Pin To Net: NetName=Net*2_6 Pin=RT3-2
Added Net: Name=Net*2_6
Added Pin To Net: NetName=Net*6_6 Pin=*6-6
Added Pin To Net: NetName=Net*6_6 Pin=C10-2
Added Pin To Net: NetName=Net*6_6 Pin=C11-2
Added Pin To Net: NetName=Net*6_6 Pin=RT6-2
Added Net: Name=Net*6_6
Added Member To Class: ClassName=Sheet1 Member=Component C17 Cap2
Added Member To Class: ClassName=Sheet1 Member=Component C18 Cap Pol3
Added Member To Class: ClassName=Sheet1 Member=Component RT9 10->1 ohm
Added Member To Class: ClassName=Sheet1 Member=Component RT10 1k
Added Room: Name=Sheet1
