(---------------------------------------------------------------------)
(                                                                     )
(    NC DRILL Log                                                     )
(                                                                     )
(    Drawing          : #Taaaaaa05300.tmp                             )
(    Software Version : 16.3p003                                      )
(    Date/Time        : Wed Apr 29 14:55:38 2015                      )
(                                                                     )
(---------------------------------------------------------------------)



 Processing NC Parameters file ...

 NC PARAMETERS
 -------------

 FORMAT   		2.3
 MACHINE-OFFSET		x:0.000000	y:0.000000
 FEEDRATE		1
 COORDINATES		ABSOLUTE
 OUTPUT-UNITS		ENGLISH
 TOOL-ORDER		INCREASING
 REPEAT-CODES		YES
 SUPPRESS-LEAD-ZEROES	NO
 SUPPRESS-TRAIL-ZEROES	NO
 SUPPRESS-EQUAL		NO
 TOOL-SELECT		NO
 HEADER			none
 LEADER			12
 CODE			ASCII
 SEPARATE		NO
 OPTIMIZE_DRILLING	NO
 ENHANCED_EXCELLON	NO
 SCALE			1.000000

 WARNING: Design precision is greater than that of the drill output file data.
          Data rounding errors are very possible.


 Drill files being output to directory 'f:/project/delta robot/electrical schematics/full h driver with controller/allegro' ...



     'drill_nc-1-2.drl' created for holes connecting TOP and BOTTOM
     --------------------------------------------------------------

           Num     Size      +/- Tolerance     Plating   Quantity

            1.  25.0000    0.0000/  0.0000      PLATED          8
            2.  28.0000    0.0000/  0.0000      PLATED         59
            3.  30.0000    0.0000/  0.0000      PLATED         11
            4.  32.0000    0.0000/  0.0000      PLATED         20
            5.  36.0000    0.0000/  0.0000      PLATED          6
            6.  47.2400    3.9400/  3.9400      PLATED         15
            7.  60.0000    0.0000/  0.0000      PLATED          4
            8. 120.0000    0.0000/  0.0000      PLATED          4

     ---- Total holes:                                        127

     ---- Total head travel:              7.26 feet (2.21 meters)

