(---------------------------------------------------------------------)
(                                                                     )
(    Netrev Allegro Import Logic                                      )
(                                                                     )
(    Drawing          : controller.brd                                )
(    Software Version : 16.3p004                                      )
(    Date/Time        : Wed Apr 29 12:06:16 2015                      )
(                                                                     )
(---------------------------------------------------------------------)


------ Directives ------

RIPUP_ETCH FALSE;
RIPUP_SYMBOLS ALWAYS;
Missing symbol has error FALSE;
SCHEMATIC_DIRECTORY 'f:\project\delta robot\electrical schematics\full h driver with controller\allegro';
BOARD_DIRECTORY '';
OLD_BOARD_NAME 'F:/Project/Delta Robot/electrical schematics/Full H driver with controller/allegro/controller.brd';
NEW_BOARD_NAME 'controller.brd';

CmdLine: netrev.exe -5 -y 1 -i f:\project\delta robot\electrical schematics\full h driver with controller\allegro F:\Project\Delta Robot\electrical schematics\Full H driver with controller\allegro\controller.brd f:\project\delta robot\electrical schematics\full h driver with controller\allegro\controller.brd

------ Preparing to read pst files ------

Starting to read f:/project/delta robot/electrical schematics/full h driver with controller/allegro/pstchip.dat 
   Finished reading f:/project/delta robot/electrical schematics/full h driver with controller/allegro/pstchip.dat (00:00:00.09)
Starting to read f:/project/delta robot/electrical schematics/full h driver with controller/allegro/pstxprt.dat 
   Finished reading f:/project/delta robot/electrical schematics/full h driver with controller/allegro/pstxprt.dat (00:00:00.00)
Starting to read f:/project/delta robot/electrical schematics/full h driver with controller/allegro/pstxnet.dat 
   Finished reading f:/project/delta robot/electrical schematics/full h driver with controller/allegro/pstxnet.dat (00:00:00.00)

------ Oversights/Warnings/Errors ------


------ Library Paths ------
MODULEPATH =  . 
           C:/Cadence/SPB_16.3/share/local/pcb/modules 

PSMPATH =  . 
           symbols 
           .. 
           ../symbols 
           C:/Cadence/SPB_16.3/share/local/pcb/symbols 
           C:/Cadence/SPB_16.3/share/pcb/pcb_lib/symbols 
           C:/Cadence/SPB_16.3/share/pcb/allegrolib/symbols 
           C:\PSL\Library\PCB_Editor\footprints\ 
           C:\PSL\Library\PCB_Editor\padsyms\ 
           E:\E-learning\orcad pcb library\ 
           F:\Resources\Orcad Lib\PCB Lib\ 

PADPATH =  . 
           symbols 
           .. 
           ../symbols 
           C:/Cadence/SPB_16.3/share/local/pcb/padstacks 
           C:/Cadence/SPB_16.3/share/pcb/pcb_lib/symbols 
           C:/Cadence/SPB_16.3/share/pcb/allegrolib/symbols 
           C:\PSL\Library\PCB_Editor\padstacks\ 
           F:\Resources\Orcad Lib\Pad\ 
           E:\E-learning\orcad pcb library\ 


------ Summary Statistics ------


netrev run on Apr 29 12:06:16 2015
   DESIGN NAME : 'CONTROLLER'
   PACKAGING ON Nov 17 2009 03:09:43

   COMPILE 'logic'
   CHECK_PIN_NAMES OFF
   CROSS_REFERENCE OFF
   FEEDBACK OFF
   INCREMENTAL OFF
   INTERFACE_TYPE PHYSICAL
   MAX_ERRORS 500
   MERGE_MINIMUM 5
   NET_NAME_CHARS '#%&()*+-./:=>?@[]^_`|'
   NET_NAME_LENGTH 24
   OVERSIGHTS ON
   REPLACE_CHECK OFF
   SINGLE_NODE_NETS ON
   SPLIT_MINIMUM 0
   SUPPRESS   20
   WARNINGS ON

 No error detected
 No oversight detected
 No warning detected

cpu time      0:00:57
elapsed time  0:00:00

