(---------------------------------------------------------------------)
(                                                                     )
(    ARTWORK LOG                                                      )
(                                                                     )
(    Drawing          : controller.brd                                )
(    Software Version : 16.3p003                                      )
(    Date/Time        : Wed Apr 29 14:54:59 2015                      )
(                                                                     )
(---------------------------------------------------------------------)


 ---- Photoplot outline rectangle not found ... using drawing extents



Results from parameter file ...
    DEVICE-TYPE           GERBER_RS274X
    OUTPUT-UNITS          INCHES
    FILM-SIZE             24000 16000
    FORMAT                5.3
    ABORT-ON-ERROR        NO
    SCALE                 1
    SUPPRESS-LEAD-ZEROES  YES
    SUPPRESS-TRAIL-ZEROES NO
    SUPPRESS-EQUAL        YES
    UNDEF-APT-CONT        NO

 WARNING: for raster artwork formats, artwork accuracy must be
  at least one place greater than the database accuracy, up
  to the maximum accuracy allowed by the selected output format.

  Increase the accuracy by increasing the "Decimal Places" in
  the FORMAT section of the artwork parameters and then rerun
  artwork.

  The current output is rounding down the data.  Failure to change
  the format may result in inaccurate arc coordinates in the output
  files and possible shape/void plotting failures.


================================================================
     PROCESSING FILM < outline >
     TO FILE < f:/project/delta robot/electrical schematics/full h driver with controller/allegro/outline.art > ...
================================================================

  FILM PARAMETERS :
  ---------------------------------------------------------
  Undefined line width                0.00
  Mirror code                         NONE
  Rotate angle                        NONE
  Offset x:                           0.00
  Offset y:                           0.00
  Plot negative                       NO
  Suppress unconnected internal pads  NO

 WARNING: Photoplot window (34000 x 22000) exceeds film size (24000 x 16000)
          stated in parameter file. 



  APERTURES USED:
  ---------------------------------------------------------
  TYPE       SIZE/NAME                   ROT   MIRROR MODE 
  ---------------------------------------------------------
  CIRCLE     0.01000                                  DARK 

     outline created with warnings


================================================================
     PROCESSING FILM < smb >
     TO FILE < f:/project/delta robot/electrical schematics/full h driver with controller/allegro/smb.art > ...
================================================================

  FILM PARAMETERS :
  ---------------------------------------------------------
  Undefined line width                0.00
  Mirror code                         NONE
  Rotate angle                        NONE
  Offset x:                           0.00
  Offset y:                           0.00
  Plot negative                       NO
  Suppress unconnected internal pads  NO

 WARNING: Photoplot window (34000 x 22000) exceeds film size (24000 x 16000)
          stated in parameter file. 



  APERTURES USED:
  ---------------------------------------------------------
  TYPE       SIZE/NAME                   ROT   MIRROR MODE 
  ---------------------------------------------------------
  CIRCLE     0.01000                                  DARK 
  CIRCLE     0.05000                                  DARK 
  CIRCLE     0.06500                                  DARK 
  CIRCLE     0.07087                                  DARK 
  CIRCLE     0.07500                                  DARK 
  CIRCLE     0.08000                                  DARK 
  CIRCLE     0.10000                                  DARK 
  CIRCLE     0.14000                                  DARK 
  SQUARE     0.05800                     0.000 NO     DARK 
  SQUARE     0.06500                     0.000 NO     DARK 
  SQUARE     0.07087                     0.000 NO     DARK 
  SQUARE     0.07500                     0.000 NO     DARK 
  SQUARE     0.08000                     0.000 NO     DARK 
  RECTANGLE  0.03900     x 0.04700       0.000 NO     DARK 
  RECTANGLE  0.04700     x 0.01100       0.000 NO     DARK 
  RECTANGLE  0.04700     x 0.01100      90.000 NO     DARK 
  RECTANGLE  0.06000     x 0.02500      90.000 NO     DARK 
  RECTANGLE  0.22700     x 0.06900      90.000 NO     DARK 

     smb created with warnings


================================================================
     PROCESSING FILM < smt >
     TO FILE < f:/project/delta robot/electrical schematics/full h driver with controller/allegro/smt.art > ...
================================================================

  FILM PARAMETERS :
  ---------------------------------------------------------
  Undefined line width                0.00
  Mirror code                         NONE
  Rotate angle                        NONE
  Offset x:                           0.00
  Offset y:                           0.00
  Plot negative                       NO
  Suppress unconnected internal pads  NO

 WARNING: Photoplot window (34000 x 22000) exceeds film size (24000 x 16000)
          stated in parameter file. 



  APERTURES USED:
  ---------------------------------------------------------
  TYPE       SIZE/NAME                   ROT   MIRROR MODE 
  ---------------------------------------------------------
  CIRCLE     0.01000                                  DARK 
  CIRCLE     0.05000                                  DARK 
  CIRCLE     0.06500                                  DARK 
  CIRCLE     0.07087                                  DARK 
  CIRCLE     0.07500                                  DARK 
  CIRCLE     0.08000                                  DARK 
  CIRCLE     0.10000                                  DARK 
  CIRCLE     0.14000                                  DARK 
  SQUARE     0.05800                     0.000 NO     DARK 
  SQUARE     0.06500                     0.000 NO     DARK 
  SQUARE     0.07087                     0.000 NO     DARK 
  SQUARE     0.07500                     0.000 NO     DARK 
  SQUARE     0.08000                     0.000 NO     DARK 
  RECTANGLE  0.03900     x 0.04700       0.000 NO     DARK 
  RECTANGLE  0.04700     x 0.01100       0.000 NO     DARK 
  RECTANGLE  0.04700     x 0.01100      90.000 NO     DARK 
  RECTANGLE  0.05500     x 0.03000      90.000 NO     DARK 
  RECTANGLE  0.05512     x 0.04134       0.000 NO     DARK 
  RECTANGLE  0.05512     x 0.04134      90.000 NO     DARK 
  RECTANGLE  0.05709     x 0.04528       0.000 NO     DARK 
  RECTANGLE  0.05709     x 0.04528      90.000 NO     DARK 
  RECTANGLE  0.06000     x 0.02500      90.000 NO     DARK 
  RECTANGLE  0.08465     x 0.03740       0.000 NO     DARK 
  RECTANGLE  0.12795     x 0.08465      90.000 NO     DARK 
  RECTANGLE  0.22700     x 0.06900      90.000 NO     DARK 

     smt created with warnings


================================================================
     PROCESSING FILM < ssb >
     TO FILE < f:/project/delta robot/electrical schematics/full h driver with controller/allegro/ssb.art > ...
================================================================

  FILM PARAMETERS :
  ---------------------------------------------------------
  Undefined line width                0.00
  Mirror code                         NONE
  Rotate angle                        NONE
  Offset x:                           0.00
  Offset y:                           0.00
  Plot negative                       NO
  Suppress unconnected internal pads  NO

 WARNING: Photoplot window (34000 x 22000) exceeds film size (24000 x 16000)
          stated in parameter file. 



  APERTURES USED:
  ---------------------------------------------------------
  TYPE       SIZE/NAME                   ROT   MIRROR MODE 
  ---------------------------------------------------------
  CIRCLE     0.01000                                  DARK 

     ssb created with warnings


================================================================
     PROCESSING FILM < sst >
     TO FILE < f:/project/delta robot/electrical schematics/full h driver with controller/allegro/sst.art > ...
================================================================

  FILM PARAMETERS :
  ---------------------------------------------------------
  Undefined line width                0.00
  Mirror code                         NONE
  Rotate angle                        NONE
  Offset x:                           0.00
  Offset y:                           0.00
  Plot negative                       NO
  Suppress unconnected internal pads  NO

 WARNING: Photoplot window (34000 x 22000) exceeds film size (24000 x 16000)
          stated in parameter file. 

    WARNING: text composed 0 width line found at (16205.00 8855.00)
           ... ignored!

    WARNING: 0 width line found at (16586.00 6704.00)
           ... ignored!

    WARNING: rectangle or unfilled shape composed 0 width line found at (16380.00 6947.50)
           ... ignored!

    WARNING: text having Multiple 0 width lines; all will be treated the same as the first.
           ... ignored!

    WARNING: Multiple 0 width lines; all will be treated the same as the first.
           ... ignored!

    WARNING: rectangle or unfilled shape having Multiple 0 width lines; all will be treated the same as the first.
           ... ignored!



  APERTURES USED:
  ---------------------------------------------------------
  TYPE       SIZE/NAME                   ROT   MIRROR MODE 
  ---------------------------------------------------------
  CIRCLE     0.00039                                  DARK 
  CIRCLE     0.00100                                  DARK 
  CIRCLE     0.00300                                  DARK 
  CIRCLE     0.00500                                  DARK 
  CIRCLE     0.00787                                  DARK 
  CIRCLE     0.01000                                  DARK 

     sst created with warnings


================================================================
     PROCESSING FILM < BOTTOM >
     TO FILE < f:/project/delta robot/electrical schematics/full h driver with controller/allegro/BOTTOM.art > ...
================================================================

  FILM PARAMETERS :
  ---------------------------------------------------------
  Undefined line width                0.00
  Mirror code                         NONE
  Rotate angle                        NONE
  Offset x:                           0.00
  Offset y:                           0.00
  Plot negative                       NO
  Suppress unconnected internal pads  NO

 WARNING: Photoplot window (34000 x 22000) exceeds film size (24000 x 16000)
          stated in parameter file. 

    WARNING: Segment with same start and end points at
	(16505.48 8593.79) will be ignored. Increasing output
	accuracy may allow segment to be generated.

    WARNING: Segment with same start and end points at
	(16905.11 8894.37) will be ignored. Increasing output
	accuracy may allow segment to be generated.



  APERTURES USED:
  ---------------------------------------------------------
  TYPE       SIZE/NAME                   ROT   MIRROR MODE 
  ---------------------------------------------------------
  CIRCLE     0.00900                                  DARK 
  CIRCLE     0.02000                                  DARK 
  CIRCLE     0.02500                                  DARK 
  CIRCLE     0.04000                                  DARK 
  CIRCLE     0.05500                                  DARK 
  CIRCLE     0.06000                                  DARK 
  CIRCLE     0.06200                                  DARK 
  CIRCLE     0.07087                                  DARK 
  CIRCLE     0.08000                                  DARK 
  CIRCLE     0.13000                                  DARK 
  SQUARE     0.05500                     0.000 NO     DARK 
  SQUARE     0.06000                     0.000 NO     DARK 
  SQUARE     0.06200                     0.000 NO     DARK 
  SQUARE     0.07087                     0.000 NO     DARK 

     BOTTOM created with warnings


================================================================
     PROCESSING FILM < TOP >
     TO FILE < f:/project/delta robot/electrical schematics/full h driver with controller/allegro/TOP.art > ...
================================================================

  FILM PARAMETERS :
  ---------------------------------------------------------
  Undefined line width                0.00
  Mirror code                         NONE
  Rotate angle                        NONE
  Offset x:                           0.00
  Offset y:                           0.00
  Plot negative                       NO
  Suppress unconnected internal pads  NO

 WARNING: Photoplot window (34000 x 22000) exceeds film size (24000 x 16000)
          stated in parameter file. 

    WARNING: Segment with same start and end points at
	(16354.89 6595.63) will be ignored. Increasing output
	accuracy may allow segment to be generated.

    WARNING: Segment with same start and end points at
	(16590.70 8369.51) will be ignored. Increasing output
	accuracy may allow segment to be generated.

    WARNING: Segment with same start and end points at
	(17193.79 9734.52) will be ignored. Increasing output
	accuracy may allow segment to be generated.

    WARNING: Segment with same start and end points at
	(17194.37 9664.89) will be ignored. Increasing output
	accuracy may allow segment to be generated.

    WARNING: Segment with same start and end points at
	(18430.88 9432.54) will be ignored. Increasing output
	accuracy may allow segment to be generated.

    WARNING: Segment with same start and end points at
	(16685.11 7044.37) will be ignored. Increasing output
	accuracy may allow segment to be generated.

    WARNING: Segment with same start and end points at
	(16802.35 8043.16) will be ignored. Increasing output
	accuracy may allow segment to be generated.

    WARNING: Segment with same start and end points at
	(16700.49 8309.30) will be ignored. Increasing output
	accuracy may allow segment to be generated.

    WARNING: Segment with same start and end points at
	(16871.06 7500.33) will be ignored. Increasing output
	accuracy may allow segment to be generated.

    WARNING: Segment with same start and end points at
	(17454.52 8803.79) will be ignored. Increasing output
	accuracy may allow segment to be generated.

    WARNING: Segment with same start and end points at
	(17383.79 9325.48) will be ignored. Increasing output
	accuracy may allow segment to be generated.

    WARNING: Segment with same start and end points at
	(16464.73 9664.79) will be ignored. Increasing output
	accuracy may allow segment to be generated.

    WARNING: Segment with same start and end points at
	(16340.50 7920.00) will be ignored. Increasing output
	accuracy may allow segment to be generated.

    WARNING: Segment with same start and end points at
	(16464.73 9354.73) will be ignored. Increasing output
	accuracy may allow segment to be generated.

    WARNING: Segment with same start and end points at
	(16535.27 9665.27) will be ignored. Increasing output
	accuracy may allow segment to be generated.

    WARNING: Segment with same start and end points at
	(16757.57 8390.00) will be ignored. Increasing output
	accuracy may allow segment to be generated.

    WARNING: Segment with same start and end points at
	(16670.00 9299.44) will be ignored. Increasing output
	accuracy may allow segment to be generated.



  APERTURES USED:
  ---------------------------------------------------------
  TYPE       SIZE/NAME                   ROT   MIRROR MODE 
  ---------------------------------------------------------
  CIRCLE     0.00900                                  DARK 
  CIRCLE     0.02000                                  DARK 
  CIRCLE     0.02500                                  DARK 
  CIRCLE     0.04000                                  DARK 
  CIRCLE     0.05500                                  DARK 
  CIRCLE     0.06000                                  DARK 
  CIRCLE     0.06200                                  DARK 
  CIRCLE     0.07087                                  DARK 
  CIRCLE     0.08000                                  DARK 
  CIRCLE     0.13000                                  DARK 
  SQUARE     0.04800                     0.000 NO     DARK 
  SQUARE     0.05500                     0.000 NO     DARK 
  SQUARE     0.06000                     0.000 NO     DARK 
  SQUARE     0.06200                     0.000 NO     DARK 
  SQUARE     0.07087                     0.000 NO     DARK 
  RECTANGLE  0.03900     x 0.04700       0.000 NO     DARK 
  RECTANGLE  0.04700     x 0.01100       0.000 NO     DARK 
  RECTANGLE  0.04700     x 0.01100      90.000 NO     DARK 
  RECTANGLE  0.05000     x 0.02500      90.000 NO     DARK 
  RECTANGLE  0.05512     x 0.04134       0.000 NO     DARK 
  RECTANGLE  0.05512     x 0.04134      90.000 NO     DARK 
  RECTANGLE  0.05709     x 0.04528       0.000 NO     DARK 
  RECTANGLE  0.05709     x 0.04528      90.000 NO     DARK 
  RECTANGLE  0.06000     x 0.02500      90.000 NO     DARK 
  RECTANGLE  0.08465     x 0.03740       0.000 NO     DARK 
  RECTANGLE  0.12795     x 0.08465      90.000 NO     DARK 
  RECTANGLE  0.21700     x 0.05900      90.000 NO     DARK 

     TOP created with warnings


================================================================
     PROCESSING FILM < drill >
     TO FILE < f:/project/delta robot/electrical schematics/full h driver with controller/allegro/drill.art > ...
================================================================

  FILM PARAMETERS :
  ---------------------------------------------------------
  Undefined line width                0.00
  Mirror code                         NONE
  Rotate angle                        NONE
  Offset x:                           0.00
  Offset y:                           0.00
  Plot negative                       NO
  Suppress unconnected internal pads  NO

 WARNING: Photoplot window (34000 x 22000) exceeds film size (24000 x 16000)
          stated in parameter file. 



  APERTURES USED:
  ---------------------------------------------------------
  TYPE       SIZE/NAME                   ROT   MIRROR MODE 
  ---------------------------------------------------------
  CIRCLE     0.01000                                  DARK 

     drill created with warnings


------------------------------------------------------
 SUMMARY:
        outline created with warnings
        smb created with warnings
        smt created with warnings
        ssb created with warnings
        sst created with warnings
        BOTTOM created with warnings
        TOP created with warnings
        drill created with warnings

 ARTWORK had warnings
