Removed Pin From Net: NetName=PA7 Pin=*1-17
Removed Pin From Net: NetName=PA7 Pin=P1-7
Removed Pin From Net: NetName=PA7 Pin=P1-8
Removed Pin From Net: NetName=NetP1_9 Pin=P1-9
Removed Pin From Net: NetName=NetP1_9 Pin=P1-10
Removed Pin From Net: NetName=PA7 Pin=P2-7
Removed Pin From Net: NetName=PA7 Pin=P2-8
Removed Pin From Net: NetName=PA7 Pin=P3-7
Removed Pin From Net: NetName=PA7 Pin=P3-8
Added Pin To Net: NetName=NetP1_9 Pin=*1-17
Added Pin To Net: NetName=NetP1_9 Pin=P1-7
Added Pin To Net: NetName=NetP1_9 Pin=P1-8
Added Pin To Net: NetName=PA7 Pin=P1-9
Added Pin To Net: NetName=PA7 Pin=P1-10
Added Pin To Net: NetName=NetP1_9 Pin=P2-7
Added Pin To Net: NetName=NetP1_9 Pin=P2-8
Added Pin To Net: NetName=NetP1_9 Pin=P3-7
Added Pin To Net: NetName=NetP1_9 Pin=P3-8
Change Net Name : Old Net Name=NetP1_9 New Net Name=PA7
Change Net Name : Old Net Name=PA7 New Net Name=GND
Added Room: Name=master
