Added Component: Designator=*1(LQFP48_stm32)
Added Component: Designator=*2(xtal_smd)
Added Component: Designator=*3(Domino_2)
Added Component: Designator=*4(TO220)
Added Component: Designator=*5(led_smd)
Added Component: Designator=*6(Domino_2)
Added Component: Designator=*7(TO220)
Added Component: Designator=*8(SOT223)
Added Component: Designator=*9(SOT223)
Added Component: Designator=C1(C0805)
Added Component: Designator=C2(C0805)
Added Component: Designator=C3(C0805)
Added Component: Designator=C4(C0805)
Added Component: Designator=C5(C0805)
Added Component: Designator=C6(C0805)
Added Component: Designator=C7(C0805)
Added Component: Designator=C8(C0805)
Added Component: Designator=C9(CAPR5-4X5)
Added Component: Designator=C10(CAPR5-4X5)
Added Component: Designator=C11(C0805)
Added Component: Designator=C12(C0805)
Added Component: Designator=C13(CAPR5-4X5)
Added Component: Designator=C14(CAPR5-4X5)
Added Component: Designator=ISO1(opto_smd)
Added Component: Designator=P1(HDR2X5)
Added Component: Designator=P2(HDR2X5)
Added Component: Designator=P3(HDR2X5)
Added Component: Designator=P4(HDR2X5)
Added Component: Designator=P5(HDR1X5)
Added Component: Designator=P6(HDR1X5)
Added Component: Designator=P7(HDR1X5)
Added Component: Designator=RT1(6-0805_N)
Added Component: Designator=RT2(6-0805_N)
Added Component: Designator=RT3(6-0805_N)
Added Component: Designator=RT4(6-0805_N)
Added Component: Designator=RT5(6-0805_N)
Added Pin To Net: NetName=5V Pin=*8-2
Added Pin To Net: NetName=5V Pin=*9-3
Added Pin To Net: NetName=5V Pin=C12-1
Added Pin To Net: NetName=5V Pin=C14-1
Added Net: Name=5V
Added Pin To Net: NetName=12V Pin=*3-2
Added Pin To Net: NetName=12V Pin=*7-2
Added Pin To Net: NetName=12V Pin=*8-3
Added Pin To Net: NetName=12V Pin=C11-1
Added Pin To Net: NetName=12V Pin=C13-1
Added Pin To Net: NetName=12V Pin=ISO1-4
Added Net: Name=12V
Added Pin To Net: NetName=24V Pin=*6-2
Added Pin To Net: NetName=24V Pin=*7-1
Added Pin To Net: NetName=24V Pin=C7-1
Added Pin To Net: NetName=24V Pin=C9-1
Added Net: Name=24V
Added Pin To Net: NetName=Net*1_5 Pin=*1-5
Added Pin To Net: NetName=Net*1_5 Pin=*2-1
Added Pin To Net: NetName=Net*1_5 Pin=C2-1
Added Net: Name=Net*1_5
Added Pin To Net: NetName=Net*1_6 Pin=*1-6
Added Pin To Net: NetName=Net*1_6 Pin=*2-2
Added Pin To Net: NetName=Net*1_6 Pin=C4-1
Added Net: Name=Net*1_6
Added Pin To Net: NetName=Net*1_44 Pin=*1-44
Added Pin To Net: NetName=Net*1_44 Pin=RT1-2
Added Net: Name=Net*1_44
Added Pin To Net: NetName=Net*3_1 Pin=*3-1
Added Pin To Net: NetName=Net*3_1 Pin=*4-2
Added Net: Name=Net*3_1
Added Pin To Net: NetName=Net*4_1 Pin=*4-1
Added Pin To Net: NetName=Net*4_1 Pin=ISO1-3
Added Pin To Net: NetName=Net*4_1 Pin=RT5-1
Added Net: Name=Net*4_1
Added Pin To Net: NetName=Net*5_1 Pin=*5-1
Added Pin To Net: NetName=Net*5_1 Pin=RT3-1
Added Net: Name=Net*5_1
Added Pin To Net: NetName=NetISO1_2 Pin=ISO1-2
Added Pin To Net: NetName=NetISO1_2 Pin=RT4-1
Added Net: Name=NetISO1_2
Added Pin To Net: NetName=NetP1_9 Pin=P1-9
Added Pin To Net: NetName=NetP1_9 Pin=P1-10
Added Net: Name=NetP1_9
Added Pin To Net: NetName=NetP4_2 Pin=P4-2
Added Pin To Net: NetName=NetP4_2 Pin=RT2-1
Added Net: Name=NetP4_2
Added Pin To Net: NetName=NRST Pin=*1-7
Added Pin To Net: NetName=NRST Pin=P4-1
Added Net: Name=NRST
Added Pin To Net: NetName=PA0 Pin=*1-10
Added Pin To Net: NetName=PA0 Pin=ISO1-1
Added Net: Name=PA0
Added Pin To Net: NetName=PA1 Pin=*1-11
Added Net: Name=PA1
Added Pin To Net: NetName=PA2 Pin=*1-12
Added Pin To Net: NetName=PA2 Pin=P3-1
Added Pin To Net: NetName=PA2 Pin=P3-2
Added Net: Name=PA2
Added Pin To Net: NetName=PA3 Pin=*1-13
Added Pin To Net: NetName=PA3 Pin=P2-1
Added Pin To Net: NetName=PA3 Pin=P2-2
Added Net: Name=PA3
Added Pin To Net: NetName=PA4 Pin=*1-14
Added Pin To Net: NetName=PA4 Pin=P1-1
Added Pin To Net: NetName=PA4 Pin=P1-2
Added Net: Name=PA4
Added Pin To Net: NetName=PA5 Pin=*1-15
Added Pin To Net: NetName=PA5 Pin=P1-3
Added Pin To Net: NetName=PA5 Pin=P1-4
Added Pin To Net: NetName=PA5 Pin=P2-3
Added Pin To Net: NetName=PA5 Pin=P2-4
Added Pin To Net: NetName=PA5 Pin=P3-3
Added Pin To Net: NetName=PA5 Pin=P3-4
Added Net: Name=PA5
Added Pin To Net: NetName=PA6 Pin=*1-16
Added Pin To Net: NetName=PA6 Pin=P1-5
Added Pin To Net: NetName=PA6 Pin=P1-6
Added Pin To Net: NetName=PA6 Pin=P2-5
Added Pin To Net: NetName=PA6 Pin=P2-6
Added Pin To Net: NetName=PA6 Pin=P3-5
Added Pin To Net: NetName=PA6 Pin=P3-6
Added Net: Name=PA6
Added Pin To Net: NetName=PA7 Pin=*1-8
Added Pin To Net: NetName=PA7 Pin=*1-17
Added Pin To Net: NetName=PA7 Pin=*1-23
Added Pin To Net: NetName=PA7 Pin=*1-35
Added Pin To Net: NetName=PA7 Pin=*1-47
Added Pin To Net: NetName=PA7 Pin=*4-3
Added Pin To Net: NetName=PA7 Pin=*5-2
Added Pin To Net: NetName=PA7 Pin=*6-1
Added Pin To Net: NetName=PA7 Pin=*7-3
Added Pin To Net: NetName=PA7 Pin=*8-1
Added Pin To Net: NetName=PA7 Pin=*9-1
Added Pin To Net: NetName=PA7 Pin=C1-2
Added Pin To Net: NetName=PA7 Pin=C2-2
Added Pin To Net: NetName=PA7 Pin=C3-2
Added Pin To Net: NetName=PA7 Pin=C4-2
Added Pin To Net: NetName=PA7 Pin=C5-2
Added Pin To Net: NetName=PA7 Pin=C6-2
Added Pin To Net: NetName=PA7 Pin=C7-2
Added Pin To Net: NetName=PA7 Pin=C8-2
Added Pin To Net: NetName=PA7 Pin=C9-2
Added Pin To Net: NetName=PA7 Pin=C10-2
Added Pin To Net: NetName=PA7 Pin=C11-2
Added Pin To Net: NetName=PA7 Pin=C12-2
Added Pin To Net: NetName=PA7 Pin=C13-2
Added Pin To Net: NetName=PA7 Pin=C14-2
Added Pin To Net: NetName=PA7 Pin=P1-7
Added Pin To Net: NetName=PA7 Pin=P1-8
Added Pin To Net: NetName=PA7 Pin=P2-7
Added Pin To Net: NetName=PA7 Pin=P2-8
Added Pin To Net: NetName=PA7 Pin=P2-9
Added Pin To Net: NetName=PA7 Pin=P2-10
Added Pin To Net: NetName=PA7 Pin=P3-7
Added Pin To Net: NetName=PA7 Pin=P3-8
Added Pin To Net: NetName=PA7 Pin=P3-9
Added Pin To Net: NetName=PA7 Pin=P3-10
Added Pin To Net: NetName=PA7 Pin=P4-6
Added Pin To Net: NetName=PA7 Pin=P4-8
Added Pin To Net: NetName=PA7 Pin=P5-2
Added Pin To Net: NetName=PA7 Pin=P6-4
Added Pin To Net: NetName=PA7 Pin=RT1-1
Added Pin To Net: NetName=PA7 Pin=RT4-2
Added Pin To Net: NetName=PA7 Pin=RT5-2
Added Net: Name=PA7
Added Pin To Net: NetName=PA8 Pin=*1-29
Added Pin To Net: NetName=PA8 Pin=P7-5
Added Net: Name=PA8
Added Pin To Net: NetName=PA9 Pin=*1-30
Added Pin To Net: NetName=PA9 Pin=P6-3
Added Net: Name=PA9
Added Pin To Net: NetName=PA10 Pin=*1-31
Added Pin To Net: NetName=PA10 Pin=P6-2
Added Net: Name=PA10
Added Pin To Net: NetName=PA11 Pin=*1-32
Added Net: Name=PA11
Added Pin To Net: NetName=PA12 Pin=*1-33
Added Net: Name=PA12
Added Pin To Net: NetName=PA15 Pin=*1-38
Added Net: Name=PA15
Added Pin To Net: NetName=PB0 Pin=*1-18
Added Net: Name=PB0
Added Pin To Net: NetName=PB1 Pin=*1-19
Added Net: Name=PB1
Added Pin To Net: NetName=PB2 Pin=*1-20
Added Pin To Net: NetName=PB2 Pin=P5-5
Added Net: Name=PB2
Added Pin To Net: NetName=PB3 Pin=*1-39
Added Net: Name=PB3
Added Pin To Net: NetName=PB4 Pin=*1-40
Added Net: Name=PB4
Added Pin To Net: NetName=PB5 Pin=*1-41
Added Net: Name=PB5
Added Pin To Net: NetName=PB6 Pin=*1-42
Added Net: Name=PB6
Added Pin To Net: NetName=PB7 Pin=*1-43
Added Net: Name=PB7
Added Pin To Net: NetName=PB8 Pin=*1-45
Added Net: Name=PB8
Added Pin To Net: NetName=PB9 Pin=*1-46
Added Net: Name=PB9
Added Pin To Net: NetName=PB10 Pin=*1-21
Added Pin To Net: NetName=PB10 Pin=P5-3
Added Net: Name=PB10
Added Pin To Net: NetName=PB11 Pin=*1-22
Added Pin To Net: NetName=PB11 Pin=P5-4
Added Net: Name=PB11
Added Pin To Net: NetName=PB12 Pin=*1-25
Added Pin To Net: NetName=PB12 Pin=P7-1
Added Net: Name=PB12
Added Pin To Net: NetName=PB13 Pin=*1-26
Added Pin To Net: NetName=PB13 Pin=P7-2
Added Net: Name=PB13
Added Pin To Net: NetName=PB14 Pin=*1-27
Added Pin To Net: NetName=PB14 Pin=P7-3
Added Net: Name=PB14
Added Pin To Net: NetName=PB15 Pin=*1-28
Added Pin To Net: NetName=PB15 Pin=P7-4
Added Net: Name=PB15
Added Pin To Net: NetName=PC13 Pin=*1-2
Added Net: Name=PC13
Added Pin To Net: NetName=PC14 Pin=*1-3
Added Net: Name=PC14
Added Pin To Net: NetName=PC15 Pin=*1-4
Added Net: Name=PC15
Added Pin To Net: NetName=SWC Pin=*1-37
Added Pin To Net: NetName=SWC Pin=P4-5
Added Net: Name=SWC
Added Pin To Net: NetName=SWD Pin=*1-34
Added Pin To Net: NetName=SWD Pin=P4-3
Added Net: Name=SWD
Added Pin To Net: NetName=VCC Pin=*1-9
Added Pin To Net: NetName=VCC Pin=*1-24
Added Pin To Net: NetName=VCC Pin=*1-36
Added Pin To Net: NetName=VCC Pin=*1-48
Added Pin To Net: NetName=VCC Pin=*9-2
Added Pin To Net: NetName=VCC Pin=C1-1
Added Pin To Net: NetName=VCC Pin=C3-1
Added Pin To Net: NetName=VCC Pin=C5-1
Added Pin To Net: NetName=VCC Pin=C6-1
Added Pin To Net: NetName=VCC Pin=C8-1
Added Pin To Net: NetName=VCC Pin=C10-1
Added Pin To Net: NetName=VCC Pin=P5-1
Added Pin To Net: NetName=VCC Pin=RT2-2
Added Pin To Net: NetName=VCC Pin=RT3-2
Added Net: Name=VCC
Added Class: Name=master
Added Room: Name=master
